16661000.251770 2
5863904.953003 4
10879898.071289 8
14134621.620178 16
18773007.392883 32
24306392.669678 64
31169605.255127 128
39032411.575317 256
45368790.626526 512
55228996.276855 1024
66770291.328430 2048
78986978.530884 4096
93847203.254700 8192
111880803.108215 16384
135773515.701294 32768
168029499.053955 65536
202522683.143616 131072
311870288.848877 262144
597361207.008362 524288
1286728477.478027 1048576
2491873884.201050 2097152
5138059186.935425 4194304
10654122090.339661 8388608
623390.300000 1024
1388801.600000 1024
546381.900000 8
277458.200000 8
283310.900000 8
267966.400000 8
282726.900000 8
317806.600000 8
9944780.600000 8
451665.500000 8
324100.300000 9
262523.900000 1
245766.100000 2
267553.100000 3
286898.900000 4
586444.300000 5
281883.900000 7
323715.800000 8
658588.700000 16
2088253.400000 1024
356783.500000 16
309599.200000 16
394191.500000 16
3063689.700000 1024
352025.200000 16
734490.100000 8
3158036.900000 1024
6031382.300000 2048
